<?xml version="1.0" encoding="UTF-8"?>
<!-- Generated by org.testng.reporters.JUnitReportReporter -->
<testsuite hostname="DESKTOP-3KOP925" failures="0" tests="3" name="restassuredscripts.Script006PostmanAPIKey" time="12.384" errors="0" timestamp="2023-12-18T11:09:08 IST" skipped="0">
  <testcase classname="restassuredscripts.Script006PostmanAPIKey" name="postmangetReq" time="6.722"/>
  <system-out/>
  <testcase classname="restassuredscripts.Script006PostmanAPIKey" name="extract_value_response" time="3.908"/>
  <system-out/>
  <testcase classname="restassuredscripts.Script006PostmanAPIKey" name="extract_response_JSONPath" time="1.754"/>
  <system-out/>
</testsuite> <!-- restassuredscripts.Script006PostmanAPIKey -->
