<?xml version="1.0" encoding="UTF-8"?>
<!-- Generated by org.testng.reporters.JUnitReportReporter -->
<testsuite hostname="DESKTOP-3KOP925" failures="0" tests="1" name="multiple_environments.GETDemo" time="7.219" errors="0" timestamp="2023-12-19T15:08:37 IST" skipped="0">
  <testcase classname="multiple_environments.GETDemo" name="getServerResponse" time="7.219"/>
  <system-out/>
</testsuite> <!-- multiple_environments.GETDemo -->
