<?xml version="1.0" encoding="UTF-8"?>
<!-- Generated by org.testng.reporters.JUnitReportReporter -->
<testsuite hostname="DESKTOP-3KOP925" failures="0" tests="1" name="multiple_environments.POSTDemo" time="5.007" errors="0" timestamp="2023-12-19T15:12:34 IST" skipped="0">
  <testcase classname="multiple_environments.POSTDemo" name="createResource" time="5.007"/>
  <system-out/>
</testsuite> <!-- multiple_environments.POSTDemo -->
