<?xml version="1.0" encoding="UTF-8"?>
<!-- Generated by org.testng.reporters.JUnitReportReporter -->
<testsuite hostname="DESKTOP-3KOP925" failures="0" tests="1" name="restassuredscripts.Script003PostMethod" time="7.032" errors="0" timestamp="2023-12-15T12:40:35 IST" skipped="0">
  <testcase classname="restassuredscripts.Script003PostMethod" name="postMethod" time="7.032"/>
  <system-out/>
</testsuite> <!-- restassuredscripts.Script003PostMethod -->
