<?xml version="1.0" encoding="UTF-8"?>
<!-- Generated by org.testng.reporters.JUnitReportReporter -->
<testsuite hostname="DESKTOP-3KOP925" failures="0" tests="1" name="restassuredscripts.Script005PayloadXML" time="9.194" errors="0" timestamp="2023-12-15T13:08:18 IST" skipped="0">
  <testcase classname="restassuredscripts.Script005PayloadXML" name="payloadXML" time="9.194"/>
  <system-out/>
</testsuite> <!-- restassuredscripts.Script005PayloadXML -->
