<?xml version="1.0" encoding="UTF-8"?>
<!-- Generated by org.testng.reporters.JUnitReportReporter -->
<testsuite hostname="DESKTOP-3KOP925" failures="0" tests="1" name="multiple_environments.PUTDemo" time="5.596" errors="0" timestamp="2023-12-19T15:11:39 IST" skipped="0">
  <testcase classname="multiple_environments.PUTDemo" name="createResource" time="5.596"/>
  <system-out/>
</testsuite> <!-- multiple_environments.PUTDemo -->
