<?xml version="1.0" encoding="UTF-8"?>
<!-- Generated by org.testng.reporters.JUnitReportReporter -->
<testsuite hostname="DESKTOP-3KOP925" failures="0" tests="1" name="multiple_environments.DeleteDemo" time="4.040" errors="0" timestamp="2023-12-19T15:13:07 IST" skipped="0">
  <testcase classname="multiple_environments.DeleteDemo" name="deleteResource" time="4.040"/>
  <system-out/>
</testsuite> <!-- multiple_environments.DeleteDemo -->
