<?xml version="1.0" encoding="UTF-8"?>
<!-- Generated by org.testng.reporters.JUnitReportReporter -->
<testsuite hostname="DESKTOP-3KOP925" failures="0" tests="1" name="restassuredscripts.Script004PayloadJSON" time="8.168" errors="0" timestamp="2023-12-15T12:49:07 IST" skipped="0">
  <testcase classname="restassuredscripts.Script004PayloadJSON" name="PostUsingJSON" time="8.168"/>
  <system-out/>
</testsuite> <!-- restassuredscripts.Script004PayloadJSON -->
