<?xml version="1.0" encoding="UTF-8"?>
<!-- Generated by org.testng.reporters.JUnitReportReporter -->
<testsuite hostname="DESKTOP-3KOP925" failures="0" tests="1" name="restassuredscripts.Script010_LoggingMethods" time="7.117" errors="0" timestamp="2023-12-19T09:33:01 IST" skipped="0">
  <testcase classname="restassuredscripts.Script010_LoggingMethods" name="LoggingRestAssured" time="7.117"/>
  <system-out/>
</testsuite> <!-- restassuredscripts.Script010_LoggingMethods -->
