<?xml version="1.0" encoding="UTF-8"?>
<!-- Generated by org.testng.reporters.JUnitReportReporter -->
<testsuite hostname="DESKTOP-3KOP925" failures="0" tests="2" name="restassuredscripts.Script009PayPalOauth2" time="8.651" errors="0" timestamp="2023-12-18T12:54:10 IST" skipped="0">
  <testcase classname="restassuredscripts.Script009PayPalOauth2" name="GetAccessToken" time="7.929"/>
  <system-out/>
  <testcase classname="restassuredscripts.Script009PayPalOauth2" name="paypalTestInvoiceAPI" time="0.722"/>
  <system-out/>
</testsuite> <!-- restassuredscripts.Script009PayPalOauth2 -->
