<?xml version="1.0" encoding="UTF-8"?>
<!-- Generated by org.testng.reporters.JUnitReportReporter -->
<testsuite hostname="DESKTOP-3KOP925" failures="0" tests="1" name="courseEndProject.Log4jDemo" time="0.029" errors="0" timestamp="2023-12-19T14:39:19 IST" skipped="0">
  <testcase classname="courseEndProject.Log4jDemo" name="method1" time="0.029"/>
  <system-out/>
</testsuite> <!-- courseEndProject.Log4jDemo -->
