<?xml version="1.0" encoding="UTF-8"?>
<!-- Generated by org.testng.reporters.JUnitReportReporter -->
<testsuite hostname="DESKTOP-3KOP925" failures="0" tests="1" name="restassuredscripts.Log4jDemo" time="0.025" errors="0" timestamp="2023-12-19T14:40:35 IST" skipped="0">
  <testcase classname="restassuredscripts.Log4jDemo" name="method1" time="0.025"/>
  <system-out/>
</testsuite> <!-- restassuredscripts.Log4jDemo -->
