<?xml version="1.0" encoding="UTF-8"?>
<!-- Generated by org.testng.reporters.JUnitReportReporter -->
<testsuite hostname="DESKTOP-3KOP925" failures="0" tests="1" name="restassuredscripts.Script008GitHubBearerToken" time="4.600" errors="0" timestamp="2023-12-18T11:37:51 IST" skipped="0">
  <testcase classname="restassuredscripts.Script008GitHubBearerToken" name="Authorization_bearertoken_specificRepo" time="4.600"/>
  <system-out/>
</testsuite> <!-- restassuredscripts.Script008GitHubBearerToken -->
