<?xml version="1.0" encoding="UTF-8"?>
<!-- Generated by org.testng.reporters.JUnitReportReporter -->
<testsuite hostname="DESKTOP-3KOP925" failures="0" tests="3" name="restassuredscripts.Script007HamcrestValidateMethods" time="13.224" errors="0" timestamp="2023-12-18T11:17:12 IST" skipped="0">
  <testcase classname="restassuredscripts.Script007HamcrestValidateMethods" name="ValidateResponseBody" time="9.592"/>
  <system-out/>
  <testcase classname="restassuredscripts.Script007HamcrestValidateMethods" name="ValidateResponseBody_equalTo" time="1.774"/>
  <system-out/>
  <testcase classname="restassuredscripts.Script007HamcrestValidateMethods" name="ValidateResponseBody_hasItems" time="1.858"/>
  <system-out/>
</testsuite> <!-- restassuredscripts.Script007HamcrestValidateMethods -->
