<?xml version="1.0" encoding="UTF-8"?>
<!-- Generated by org.testng.reporters.JUnitReportReporter -->
<testsuite hostname="DESKTOP-3KOP925" failures="0" tests="1" name="restassuredscripts.Script012_SSLAuthentication" time="6.123" errors="0" timestamp="2023-12-19T10:55:27 IST" skipped="0">
  <testcase classname="restassuredscripts.Script012_SSLAuthentication" name="SSL_Authentication" time="6.123"/>
  <system-out/>
</testsuite> <!-- restassuredscripts.Script012_SSLAuthentication -->
